Determining if the pthread_create exist failed with the following output:
Change Dir: /home/xcy/catkin_cartographer_ws/protobuf/build/CMakeFiles/CMakeTmp

Run Build Command:"/usr/bin/ninja" "cmTC_6121d"
[1/2] Building C object CMakeFiles/cmTC_6121d.dir/CheckSymbolExists.c.o
[2/2] Linking C executable cmTC_6121d
FAILED: : && /usr/bin/cc     CMakeFiles/cmTC_6121d.dir/CheckSymbolExists.c.o  -o cmTC_6121d  -rdynamic && :
CMakeFiles/cmTC_6121d.dir/CheckSymbolExists.c.o：在函数‘main’中：
CheckSymbolExists.c:(.text+0x1b)：对‘pthread_create’未定义的引用
collect2: error: ld returned 1 exit status
ninja: build stopped: subcommand failed.

File /home/xcy/catkin_cartographer_ws/protobuf/build/CMakeFiles/CMakeTmp/CheckSymbolExists.c:
/* */
#include <pthread.h>

int main(int argc, char** argv)
{
  (void)argv;
#ifndef pthread_create
  return ((int*)(&pthread_create))[argc];
#else
  (void)argc;
  return 0;
#endif
}

Determining if the function pthread_create exists in the pthreads failed with the following output:
Change Dir: /home/xcy/catkin_cartographer_ws/protobuf/build/CMakeFiles/CMakeTmp

Run Build Command:"/usr/bin/ninja" "cmTC_385e3"
[1/2] Building C object CMakeFiles/cmTC_385e3.dir/CheckFunctionExists.c.o
[2/2] Linking C executable cmTC_385e3
FAILED: : && /usr/bin/cc  -DCHECK_FUNCTION_EXISTS=pthread_create   CMakeFiles/cmTC_385e3.dir/CheckFunctionExists.c.o  -o cmTC_385e3  -rdynamic -lpthreads && :
/usr/bin/ld: 找不到 -lpthreads
collect2: error: ld returned 1 exit status
ninja: build stopped: subcommand failed.


